mscV5PlusDemo/build/intermediates/manifest_merge_blame_file/debug/manifest-merger-blame-debug-report.txt
1<?xml version="1.0" encoding="utf-8"?>
2<manifest xmlns:android="http://schemas.android.com/apk/res/android"
3    package="com.iflytek.mscv5plusdemo" >
4
5    <uses-sdk
6        android:minSdkVersion="16"
6-->src/main/AndroidManifest.xml
7        android:targetSdkVersion="28" />
7-->src/main/AndroidManifest.xml
8
9    <uses-permission android:name="android.permission.RECORD_AUDIO" />
9-->src/main/AndroidManifest.xml:62:5-71
9-->src/main/AndroidManifest.xml:62:22-68
10    <uses-permission android:name="android.permission.INTERNET" />
10-->src/main/AndroidManifest.xml:63:5-67
10-->src/main/AndroidManifest.xml:63:22-64
11    <uses-permission android:name="android.permission.ACCESS_NETWORK_STATE" />
11-->src/main/AndroidManifest.xml:64:5-79
11-->src/main/AndroidManifest.xml:64:22-76
12    <uses-permission android:name="android.permission.ACCESS_WIFI_STATE" />
12-->src/main/AndroidManifest.xml:65:5-76
12-->src/main/AndroidManifest.xml:65:22-73
13    <uses-permission android:name="android.permission.CHANGE_NETWORK_STATE" />
13-->src/main/AndroidManifest.xml:66:5-79
13-->src/main/AndroidManifest.xml:66:22-76
14    <uses-permission android:name="android.permission.READ_PHONE_STATE" />
14-->src/main/AndroidManifest.xml:67:5-75
14-->src/main/AndroidManifest.xml:67:22-72
15    <uses-permission android:name="android.permission.ACCESS_FINE_LOCATION" />
15-->src/main/AndroidManifest.xml:68:5-79
15-->src/main/AndroidManifest.xml:68:22-76
16    <uses-permission android:name="android.permission.READ_CONTACTS" />
16-->src/main/AndroidManifest.xml:69:5-72
16-->src/main/AndroidManifest.xml:69:22-69
17    <uses-permission android:name="android.permission.WRITE_EXTERNAL_STORAGE" />
17-->src/main/AndroidManifest.xml:70:5-81
17-->src/main/AndroidManifest.xml:70:22-78
18    <uses-permission android:name="android.permission.WRITE_SETTINGS" />
18-->src/main/AndroidManifest.xml:71:2-72:47
18-->src/main/AndroidManifest.xml:71:19-67
19    <uses-permission android:name="android.permission.READ_EXTERNAL_STORAGE" />
19-->src/main/AndroidManifest.xml:73:2-77
19-->src/main/AndroidManifest.xml:73:19-74
20    <uses-permission android:name="android.permission.MODIFY_AUDIO_SETTINGS" />
20-->src/main/AndroidManifest.xml:74:5-80
20-->src/main/AndroidManifest.xml:74:22-77
21    <uses-permission android:name="android.permission.BLUETOOTH" />
21-->src/main/AndroidManifest.xml:75:5-68
21-->src/main/AndroidManifest.xml:75:22-65
22    <uses-permission android:name="android.permission.BROADCAST_STICKY" />
22-->src/main/AndroidManifest.xml:76:5-75
22-->src/main/AndroidManifest.xml:76:22-72
23
24    <application
24-->src/main/AndroidManifest.xml:8:5-59:19
25        android:name="com.iflytek.mscv5plusdemo.SpeechApp"
25-->src/main/AndroidManifest.xml:10:9-33
26        android:appComponentFactory="androidx.core.app.CoreComponentFactory"
26-->[androidx.core:core:1.0.0] AndroidManifest.xml:22:18-86
27        android:debuggable="true"
28        android:icon="@drawable/icon"
28-->src/main/AndroidManifest.xml:9:9-38
29        android:label="讯飞语音示例v5+" >
29-->src/main/AndroidManifest.xml:11:9-34
30        <activity
30-->src/main/AndroidManifest.xml:13:9-24:20
31            android:name="com.iflytek.mscv5plusdemo.MainActivity"
31-->src/main/AndroidManifest.xml:14:13-66
32            android:configChanges="mcc|mnc|locale|touchscreen|keyboard|keyboardHidden|navigation|orientation|screenLayout|fontScale"
32-->src/main/AndroidManifest.xml:15:13-133
33            android:icon="@drawable/icon"
33-->src/main/AndroidManifest.xml:16:13-42
34            android:label="讯飞语音示例v5+"
34-->src/main/AndroidManifest.xml:17:13-38
35            android:screenOrientation="portrait" >
35-->src/main/AndroidManifest.xml:18:13-49
36            <intent-filter>
36-->src/main/AndroidManifest.xml:19:13-23:29
37                <action android:name="android.intent.action.MAIN" />
37-->src/main/AndroidManifest.xml:20:17-69
37-->src/main/AndroidManifest.xml:20:25-66
38
39                <category android:name="android.intent.category.LAUNCHER" />
39-->src/main/AndroidManifest.xml:22:17-77
39-->src/main/AndroidManifest.xml:22:27-74
40            </intent-filter>
41        </activity>
42        <activity android:name="com.iflytek.speech.setting.TtsSettings" >
42-->src/main/AndroidManifest.xml:25:9-26:20
42-->src/main/AndroidManifest.xml:25:19-72
43        </activity>
44        <activity android:name="com.iflytek.speech.setting.IatSettings" >
44-->src/main/AndroidManifest.xml:27:9-28:20
44-->src/main/AndroidManifest.xml:27:19-72
45        </activity>
46        <activity
46-->src/main/AndroidManifest.xml:29:9-33:20
47            android:name="com.iflytek.mscv5plusdemo.IatDemo"
47-->src/main/AndroidManifest.xml:30:13-61
48            android:configChanges="mcc|mnc|locale|touchscreen|keyboard|keyboardHidden|navigation|orientation|screenLayout|fontScale"
48-->src/main/AndroidManifest.xml:31:13-133
49            android:screenOrientation="portrait" >
49-->src/main/AndroidManifest.xml:32:13-49
50        </activity>
51        <activity
51-->src/main/AndroidManifest.xml:34:9-38:20
52            android:name="com.iflytek.mscv5plusdemo.AsrDemo"
52-->src/main/AndroidManifest.xml:35:13-61
53            android:configChanges="mcc|mnc|locale|touchscreen|keyboard|keyboardHidden|navigation|orientation|screenLayout|fontScale"
53-->src/main/AndroidManifest.xml:36:13-133
54            android:screenOrientation="portrait" >
54-->src/main/AndroidManifest.xml:37:13-49
55        </activity>
56        <activity
56-->src/main/AndroidManifest.xml:39:9-43:20
57            android:name="com.iflytek.mscv5plusdemo.TtsDemo"
57-->src/main/AndroidManifest.xml:40:13-61
58            android:configChanges="mcc|mnc|locale|touchscreen|keyboard|keyboardHidden|navigation|orientation|screenLayout|fontScale"
58-->src/main/AndroidManifest.xml:41:13-133
59            android:screenOrientation="portrait" >
59-->src/main/AndroidManifest.xml:42:13-49
60        </activity>
61        <activity
61-->src/main/AndroidManifest.xml:44:9-48:20
62            android:name="com.iflytek.mscv5plusdemo.IvwActivity"
62-->src/main/AndroidManifest.xml:45:13-65
63            android:configChanges="mcc|mnc|locale|touchscreen|keyboard|keyboardHidden|navigation|orientation|screenLayout|fontScale"
63-->src/main/AndroidManifest.xml:46:13-133
64            android:screenOrientation="portrait" >
64-->src/main/AndroidManifest.xml:47:13-49
65        </activity>
66        <activity
66-->src/main/AndroidManifest.xml:49:9-53:20
67            android:name="com.iflytek.mscv5plusdemo.WakeDemo"
67-->src/main/AndroidManifest.xml:50:13-62
68            android:configChanges="mcc|mnc|locale|touchscreen|keyboard|keyboardHidden|navigation|orientation|screenLayout|fontScale"
68-->src/main/AndroidManifest.xml:51:13-133
69            android:screenOrientation="portrait" >
69-->src/main/AndroidManifest.xml:52:13-49
70        </activity>
71        <activity
71-->src/main/AndroidManifest.xml:54:9-58:20
72            android:name="com.iflytek.mscv5plusdemo.OneShotDemo"
72-->src/main/AndroidManifest.xml:55:13-65
73            android:configChanges="mcc|mnc|locale|touchscreen|keyboard|keyboardHidden|navigation|orientation|screenLayout|fontScale"
73-->src/main/AndroidManifest.xml:56:13-133
74            android:screenOrientation="portrait" >
74-->src/main/AndroidManifest.xml:57:13-49
75        </activity>
76
77        <service
77-->[com.squareup.leakcanary:leakcanary-android:1.5] AndroidManifest.xml:29:9-32:45
78            android:name="com.squareup.leakcanary.internal.HeapAnalyzerService"
78-->[com.squareup.leakcanary:leakcanary-android:1.5] AndroidManifest.xml:30:13-80
79            android:enabled="false"
79-->[com.squareup.leakcanary:leakcanary-android:1.5] AndroidManifest.xml:31:13-36
80            android:process=":leakcanary" />
80-->[com.squareup.leakcanary:leakcanary-android:1.5] AndroidManifest.xml:32:13-42
81        <service
81-->[com.squareup.leakcanary:leakcanary-android:1.5] AndroidManifest.xml:33:9-35:39
82            android:name="com.squareup.leakcanary.DisplayLeakService"
82-->[com.squareup.leakcanary:leakcanary-android:1.5] AndroidManifest.xml:34:13-70
83            android:enabled="false" />
83-->[com.squareup.leakcanary:leakcanary-android:1.5] AndroidManifest.xml:35:13-36
84
85        <activity
85-->[com.squareup.leakcanary:leakcanary-android:1.5] AndroidManifest.xml:37:9-49:20
86            android:name="com.squareup.leakcanary.internal.DisplayLeakActivity"
86-->[com.squareup.leakcanary:leakcanary-android:1.5] AndroidManifest.xml:38:13-80
87            android:enabled="false"
87-->[com.squareup.leakcanary:leakcanary-android:1.5] AndroidManifest.xml:39:13-36
88            android:icon="@drawable/leak_canary_icon"
88-->[com.squareup.leakcanary:leakcanary-android:1.5] AndroidManifest.xml:40:13-54
89            android:label="@string/leak_canary_display_activity_label"
89-->[com.squareup.leakcanary:leakcanary-android:1.5] AndroidManifest.xml:41:13-71
90            android:taskAffinity="com.squareup.leakcanary"
90-->[com.squareup.leakcanary:leakcanary-android:1.5] AndroidManifest.xml:42:13-59
91            android:theme="@style/leak_canary_LeakCanary.Base" >
91-->[com.squareup.leakcanary:leakcanary-android:1.5] AndroidManifest.xml:43:13-63
92            <intent-filter>
92-->src/main/AndroidManifest.xml:19:13-23:29
93                <action android:name="android.intent.action.MAIN" />
93-->src/main/AndroidManifest.xml:20:17-69
93-->src/main/AndroidManifest.xml:20:25-66
94
95                <category android:name="android.intent.category.LAUNCHER" />
95-->src/main/AndroidManifest.xml:22:17-77
95-->src/main/AndroidManifest.xml:22:27-74
96            </intent-filter>
97        </activity>
98        <activity
98-->[com.squareup.leakcanary:leakcanary-android:1.5] AndroidManifest.xml:50:9-56:68
99            android:name="com.squareup.leakcanary.internal.RequestStoragePermissionActivity"
99-->[com.squareup.leakcanary:leakcanary-android:1.5] AndroidManifest.xml:51:13-93
100            android:enabled="false"
100-->[com.squareup.leakcanary:leakcanary-android:1.5] AndroidManifest.xml:52:13-36
101            android:icon="@drawable/leak_canary_icon"
101-->[com.squareup.leakcanary:leakcanary-android:1.5] AndroidManifest.xml:53:13-54
102            android:label="@string/leak_canary_storage_permission_activity_label"
102-->[com.squareup.leakcanary:leakcanary-android:1.5] AndroidManifest.xml:54:13-82
103            android:taskAffinity="com.squareup.leakcanary"
103-->[com.squareup.leakcanary:leakcanary-android:1.5] AndroidManifest.xml:55:13-59
104            android:theme="@style/leak_canary_Theme.Transparent" />
104-->[com.squareup.leakcanary:leakcanary-android:1.5] AndroidManifest.xml:56:13-65
105    </application>
106
107</manifest>